This file contains any messages produced by compilers while
running configure, to aid debugging if configure makes a mistake.

It was created by configure, which was
generated by GNU Autoconf 2.60.  Invocation command line was

  $ ./configure --target=arm-openwrt-linux --host=arm-openwrt-linux --build=x86_64-redhat-linux --program-prefix= --program-suffix= --prefix=/usr --exec-prefix=/usr --bindir=/usr/bin --datadir=/usr/share --includedir=/usr/include --infodir=/usr/share/info --libdir=/usr/lib --libexecdir=/usr/lib --localstatedir=/var --mandir=/usr/share/man --sbindir=/usr/sbin --sysconfdir=/etc --disable-nls --enable-shared --enable-static

## --------- ##
## Platform. ##
## --------- ##

hostname = lvd5760
uname -m = x86_64
uname -r = 2.6.18-348.1.1.el5
uname -s = Linux
uname -v = #1 SMP Fri Dec 14 05:25:59 EST 2012

/usr/bin/uname -p = unknown
/bin/uname -X     = unknown

/bin/arch              = x86_64
/usr/bin/arch -k       = unknown
/usr/convex/getsysinfo = unknown
/usr/bin/hostinfo      = unknown
/bin/machine           = unknown
/usr/bin/oslevel       = unknown
/bin/universe          = unknown

PATH: /proj/cpesw/b50212/c2k/build/5.4.1/flowstats/staging_dir/target-arm_v7-a_glibc-2.14.1_eabi/host/bin
PATH: /proj/cpesw/b50212/c2k/build/5.4.1/flowstats/staging_dir/toolchain-arm_v7-a_gcc-4.5-linaro_glibc-2.14.1_eabi/bin
PATH: /proj/cpesw/b50212/c2k/build/5.4.1/flowstats/staging_dir/host/bin
PATH: /proj/cpesw/b50212/c2k/build/5.4.1/flowstats/staging_dir/toolchain-arm_v7-a_gcc-4.5-linaro_glibc-2.14.1_eabi/bin
PATH: /proj/cpesw/b50212/c2k/build/5.4.1/flowstats/staging_dir/host/bin
PATH: /site/lsf/8.0/9.1/linux2.6-glibc2.3-x86_64/etc
PATH: /site/lsf/8.0/9.1/linux2.6-glibc2.3-x86_64/bin
PATH: /site/lsf/8.0/8.0/linux2.6-glibc2.3-x86_64/etc
PATH: /site/lsf/8.0/8.0/linux2.6-glibc2.3-x86_64/bin
PATH: /usr/fsl/bin
PATH: /bin
PATH: /usr/bin
PATH: /usr/local/bin
PATH: /usr/X11R6/bin
PATH: /run/pkg/foundation-/frame/bin
PATH: /usr/atria/bin
PATH: /usr/sbin
PATH: /pkg/OSS-lzop-/1.03/x86_64-linux/bin/


## ----------- ##
## Core tests. ##
## ----------- ##

configure:1804: loading site script /proj/cpesw/b50212/c2k/build/5.4.1/flowstats/include/site/arm-openwrt-linux-gnueabi
| #!/bin/sh
| 
| . $TOPDIR/include/site/arm-linux
| . $TOPDIR/include/site/linux-gnu
| 
configure:1945: checking for a BSD-compatible install
configure:2001: result: /usr/bin/install -c
configure:2012: checking whether build environment is sane
configure:2055: result: yes
configure:2120: checking for gawk
configure:2136: found /bin/gawk
configure:2147: result: gawk
configure:2158: checking whether make sets $(MAKE)
configure:2179: result: yes
configure:2255: checking for arm-openwrt-linux-strip
configure:2282: result: arm-openwrt-linux-gnueabi-strip
configure:2365: checking whether make sets $(MAKE)
configure:2386: result: yes
configure:2403: checking for arm-openwrt-linux-gcc
configure:2430: result: arm-openwrt-linux-gnueabi-gcc
configure:2708: checking for C compiler version
configure:2715: arm-openwrt-linux-gnueabi-gcc --version >&5
arm-openwrt-linux-gnueabi-gcc (Linaro GCC 4.5-2012.02) 4.5.4 20120201 (prerelease)
Copyright (C) 2010 Free Software Foundation, Inc.
This is free software; see the source for copying conditions.  There is NO
warranty; not even for MERCHANTABILITY or FITNESS FOR A PARTICULAR PURPOSE.

configure:2718: $? = 0
configure:2725: arm-openwrt-linux-gnueabi-gcc -v >&5
Reading specs from /proj/cpesw/b50212/c2k/build/5.4.1/flowstats/staging_dir/toolchain-arm_v7-a_gcc-4.5-linaro_glibc-2.14.1_eabi/lib/gcc/arm-openwrt-linux-gnueabi/4.5.4/specs
COLLECT_GCC=arm-openwrt-linux-gnueabi-gcc
COLLECT_LTO_WRAPPER=/proj/cpesw/b50212/c2k/build/5.4.1/flowstats/staging_dir/toolchain-arm_v7-a_gcc-4.5-linaro_glibc-2.14.1_eabi/libexec/gcc/arm-openwrt-linux-gnueabi/4.5.4/lto-wrapper
Target: arm-openwrt-linux-gnueabi
Configured with: /proj/cpesw/b50212/c2k/build/5.4.1/flowstats/build_dir/toolchain-arm_v7-a_gcc-4.5-linaro_glibc-2.14.1_eabi/gcc-linaro-4.5-2012.02/configure --prefix=/proj/cpesw/b50212/c2k/build/5.4.1/flowstats/staging_dir/toolchain-arm_v7-a_gcc-4.5-linaro_glibc-2.14.1_eabi --build=x86_64-redhat-linux --host=x86_64-redhat-linux --target=arm-openwrt-linux-gnueabi --with-gnu-ld --enable-target-optspace --disable-libgomp --disable-libmudflap --disable-multilib --disable-nls --with-host-libstdcxx=-lstdc++ --with-float=soft --with-gmp=/proj/cpesw/b50212/c2k/build/5.4.1/flowstats/staging_dir/host --with-mpfr=/proj/cpesw/b50212/c2k/build/5.4.1/flowstats/staging_dir/host --disable-decimal-float --with-mpc=/proj/cpesw/b50212/c2k/build/5.4.1/flowstats/staging_dir/host --disable-libssp --enable-__cxa_atexit --with-arch=armv7-a --with-headers=/proj/cpesw/b50212/c2k/build/5.4.1/flowstats/staging_dir/toolchain-arm_v7-a_gcc-4.5-linaro_glibc-2.14.1_eabi/include --enable-languages=c,c++ --enable-shared --enable-threads --with-slibdir=/proj/cpesw/b50212/c2k/build/5.4.1/flowstats/staging_dir/toolchain-arm_v7-a_gcc-4.5-linaro_glibc-2.14.1_eabi/lib --enable-lto --with-libelf=/proj/cpesw/b50212/c2k/build/5.4.1/flowstats/staging_dir/host --disable-tls
Thread model: posix
gcc version 4.5.4 20120201 (prerelease) (Linaro GCC 4.5-2012.02) 
configure:2728: $? = 0
configure:2735: arm-openwrt-linux-gnueabi-gcc -V >&5
arm-openwrt-linux-gnueabi-gcc: '-V' option must have argument
configure:2738: $? = 1
configure:2761: checking for C compiler default output file name
configure:2788: arm-openwrt-linux-gnueabi-gcc -Os -pipe -march=armv7-a -mtune=cortex-a9 -fno-caller-saves -fhonour-copts  -msoft-float -I/proj/cpesw/b50212/c2k/build/5.4.1/flowstats/staging_dir/target-arm_v7-a_glibc-2.14.1_eabi/usr/include -L/proj/cpesw/b50212/c2k/build/5.4.1/flowstats/staging_dir/target-arm_v7-a_glibc-2.14.1_eabi/usr/lib conftest.c  >&5
configure:2791: $? = 0
configure:2837: result: a.out
configure:2842: checking whether the C compiler works
configure:2872: result: yes
configure:2879: checking whether we are cross compiling
configure:2881: result: yes
configure:2884: checking for suffix of executables
configure:2891: arm-openwrt-linux-gnueabi-gcc -o conftest -Os -pipe -march=armv7-a -mtune=cortex-a9 -fno-caller-saves -fhonour-copts  -msoft-float -I/proj/cpesw/b50212/c2k/build/5.4.1/flowstats/staging_dir/target-arm_v7-a_glibc-2.14.1_eabi/usr/include -L/proj/cpesw/b50212/c2k/build/5.4.1/flowstats/staging_dir/target-arm_v7-a_glibc-2.14.1_eabi/usr/lib conftest.c  >&5
configure:2894: $? = 0
configure:2918: result: 
configure:2924: checking for suffix of object files
configure:2950: arm-openwrt-linux-gnueabi-gcc -c -Os -pipe -march=armv7-a -mtune=cortex-a9 -fno-caller-saves -fhonour-copts  -msoft-float -I/proj/cpesw/b50212/c2k/build/5.4.1/flowstats/staging_dir/target-arm_v7-a_glibc-2.14.1_eabi/usr/include conftest.c >&5
configure:2953: $? = 0
configure:2976: result: o
configure:2980: checking whether we are using the GNU C compiler
configure:3009: arm-openwrt-linux-gnueabi-gcc -c -Os -pipe -march=armv7-a -mtune=cortex-a9 -fno-caller-saves -fhonour-copts  -msoft-float -I/proj/cpesw/b50212/c2k/build/5.4.1/flowstats/staging_dir/target-arm_v7-a_glibc-2.14.1_eabi/usr/include conftest.c >&5
configure:3015: $? = 0
configure:3022: test -z "$ac_c_werror_flag" || test ! -s conftest.err
configure:3025: $? = 0
configure:3032: test -s conftest.o
configure:3035: $? = 0
configure:3049: result: yes
configure:3054: checking whether arm-openwrt-linux-gnueabi-gcc accepts -g
configure:3084: arm-openwrt-linux-gnueabi-gcc -c -g -I/proj/cpesw/b50212/c2k/build/5.4.1/flowstats/staging_dir/target-arm_v7-a_glibc-2.14.1_eabi/usr/include conftest.c >&5
configure:3090: $? = 0
configure:3097: test -z "$ac_c_werror_flag" || test ! -s conftest.err
configure:3100: $? = 0
configure:3107: test -s conftest.o
configure:3110: $? = 0
configure:3240: result: yes
configure:3257: checking for arm-openwrt-linux-gnueabi-gcc option to accept ISO C89
configure:3331: arm-openwrt-linux-gnueabi-gcc  -c -Os -pipe -march=armv7-a -mtune=cortex-a9 -fno-caller-saves -fhonour-copts  -msoft-float -I/proj/cpesw/b50212/c2k/build/5.4.1/flowstats/staging_dir/target-arm_v7-a_glibc-2.14.1_eabi/usr/include conftest.c >&5
configure:3337: $? = 0
configure:3344: test -z "$ac_c_werror_flag" || test ! -s conftest.err
configure:3347: $? = 0
configure:3354: test -s conftest.o
configure:3357: $? = 0
configure:3377: result: none needed
configure:3406: checking for style of include used by make
configure:3434: result: GNU
configure:3462: checking dependency style of arm-openwrt-linux-gnueabi-gcc
configure:3552: result: gcc3
configure:3647: checking build system type
configure:3665: result: x86_64-redhat-linux-gnu
configure:3687: checking host system type
configure:3702: result: arm-openwrt-linux-gnu
configure:3724: checking for a sed that does not truncate output
configure:3778: result: /proj/cpesw/b50212/c2k/build/5.4.1/flowstats/staging_dir/host/bin/sed
configure:3781: checking for grep that handles long lines and -e
configure:3855: result: /bin/grep
configure:3860: checking for egrep
configure:3938: result: /bin/grep -E
configure:3954: checking for ld used by arm-openwrt-linux-gnueabi-gcc
configure:4021: result: arm-openwrt-linux-gnueabi-ld
configure:4030: checking if the linker (arm-openwrt-linux-gnueabi-ld) is GNU ld
configure:4045: result: yes
configure:4050: checking for arm-openwrt-linux-gnueabi-ld option to reload object files
configure:4057: result: -r
configure:4075: checking for BSD-compatible nm
configure:4124: result: arm-openwrt-linux-gnueabi-nm
configure:4128: checking whether ln -s works
configure:4132: result: yes
configure:4139: checking how to recognise dependent libraries
configure:4315: result: pass_all
configure:4565: checking how to run the C preprocessor
configure:4605: arm-openwrt-linux-gnueabi-gcc -E -I/proj/cpesw/b50212/c2k/build/5.4.1/flowstats/staging_dir/target-arm_v7-a_glibc-2.14.1_eabi/usr/include conftest.c
configure:4611: $? = 0
configure:4649: arm-openwrt-linux-gnueabi-gcc -E -I/proj/cpesw/b50212/c2k/build/5.4.1/flowstats/staging_dir/target-arm_v7-a_glibc-2.14.1_eabi/usr/include conftest.c
conftest.c:10:28: fatal error: ac_nonexistent.h: No such file or directory
compilation terminated.
configure:4655: $? = 1
configure: failed program was:
| /* confdefs.h.  */
| #define PACKAGE_NAME ""
| #define PACKAGE_TARNAME ""
| #define PACKAGE_VERSION ""
| #define PACKAGE_STRING ""
| #define PACKAGE_BUGREPORT ""
| #define PACKAGE "libfci"
| #define VERSION "0.0.1"
| /* end confdefs.h.  */
| #include <ac_nonexistent.h>
configure:4695: result: arm-openwrt-linux-gnueabi-gcc -E
configure:4724: arm-openwrt-linux-gnueabi-gcc -E -I/proj/cpesw/b50212/c2k/build/5.4.1/flowstats/staging_dir/target-arm_v7-a_glibc-2.14.1_eabi/usr/include conftest.c
configure:4730: $? = 0
configure:4768: arm-openwrt-linux-gnueabi-gcc -E -I/proj/cpesw/b50212/c2k/build/5.4.1/flowstats/staging_dir/target-arm_v7-a_glibc-2.14.1_eabi/usr/include conftest.c
conftest.c:10:28: fatal error: ac_nonexistent.h: No such file or directory
compilation terminated.
configure:4774: $? = 1
configure: failed program was:
| /* confdefs.h.  */
| #define PACKAGE_NAME ""
| #define PACKAGE_TARNAME ""
| #define PACKAGE_VERSION ""
| #define PACKAGE_STRING ""
| #define PACKAGE_BUGREPORT ""
| #define PACKAGE "libfci"
| #define VERSION "0.0.1"
| /* end confdefs.h.  */
| #include <ac_nonexistent.h>
configure:4819: checking for ANSI C header files
configure:4849: arm-openwrt-linux-gnueabi-gcc -c -Os -pipe -march=armv7-a -mtune=cortex-a9 -fno-caller-saves -fhonour-copts  -msoft-float -I/proj/cpesw/b50212/c2k/build/5.4.1/flowstats/staging_dir/target-arm_v7-a_glibc-2.14.1_eabi/usr/include conftest.c >&5
configure:4855: $? = 0
configure:4862: test -z "$ac_c_werror_flag" || test ! -s conftest.err
configure:4865: $? = 0
configure:4872: test -s conftest.o
configure:4875: $? = 0
configure:5000: result: yes
configure:5024: checking for sys/types.h
configure:5045: arm-openwrt-linux-gnueabi-gcc -c -Os -pipe -march=armv7-a -mtune=cortex-a9 -fno-caller-saves -fhonour-copts  -msoft-float -I/proj/cpesw/b50212/c2k/build/5.4.1/flowstats/staging_dir/target-arm_v7-a_glibc-2.14.1_eabi/usr/include conftest.c >&5
configure:5051: $? = 0
configure:5058: test -z "$ac_c_werror_flag" || test ! -s conftest.err
configure:5061: $? = 0
configure:5068: test -s conftest.o
configure:5071: $? = 0
configure:5084: result: yes
configure:5024: checking for sys/stat.h
configure:5045: arm-openwrt-linux-gnueabi-gcc -c -Os -pipe -march=armv7-a -mtune=cortex-a9 -fno-caller-saves -fhonour-copts  -msoft-float -I/proj/cpesw/b50212/c2k/build/5.4.1/flowstats/staging_dir/target-arm_v7-a_glibc-2.14.1_eabi/usr/include conftest.c >&5
configure:5051: $? = 0
configure:5058: test -z "$ac_c_werror_flag" || test ! -s conftest.err
configure:5061: $? = 0
configure:5068: test -s conftest.o
configure:5071: $? = 0
configure:5084: result: yes
configure:5024: checking for stdlib.h
configure:5045: arm-openwrt-linux-gnueabi-gcc -c -Os -pipe -march=armv7-a -mtune=cortex-a9 -fno-caller-saves -fhonour-copts  -msoft-float -I/proj/cpesw/b50212/c2k/build/5.4.1/flowstats/staging_dir/target-arm_v7-a_glibc-2.14.1_eabi/usr/include conftest.c >&5
configure:5051: $? = 0
configure:5058: test -z "$ac_c_werror_flag" || test ! -s conftest.err
configure:5061: $? = 0
configure:5068: test -s conftest.o
configure:5071: $? = 0
configure:5084: result: yes
configure:5024: checking for string.h
configure:5045: arm-openwrt-linux-gnueabi-gcc -c -Os -pipe -march=armv7-a -mtune=cortex-a9 -fno-caller-saves -fhonour-copts  -msoft-float -I/proj/cpesw/b50212/c2k/build/5.4.1/flowstats/staging_dir/target-arm_v7-a_glibc-2.14.1_eabi/usr/include conftest.c >&5
configure:5051: $? = 0
configure:5058: test -z "$ac_c_werror_flag" || test ! -s conftest.err
configure:5061: $? = 0
configure:5068: test -s conftest.o
configure:5071: $? = 0
configure:5084: result: yes
configure:5024: checking for memory.h
configure:5045: arm-openwrt-linux-gnueabi-gcc -c -Os -pipe -march=armv7-a -mtune=cortex-a9 -fno-caller-saves -fhonour-copts  -msoft-float -I/proj/cpesw/b50212/c2k/build/5.4.1/flowstats/staging_dir/target-arm_v7-a_glibc-2.14.1_eabi/usr/include conftest.c >&5
configure:5051: $? = 0
configure:5058: test -z "$ac_c_werror_flag" || test ! -s conftest.err
configure:5061: $? = 0
configure:5068: test -s conftest.o
configure:5071: $? = 0
configure:5084: result: yes
configure:5024: checking for strings.h
configure:5045: arm-openwrt-linux-gnueabi-gcc -c -Os -pipe -march=armv7-a -mtune=cortex-a9 -fno-caller-saves -fhonour-copts  -msoft-float -I/proj/cpesw/b50212/c2k/build/5.4.1/flowstats/staging_dir/target-arm_v7-a_glibc-2.14.1_eabi/usr/include conftest.c >&5
configure:5051: $? = 0
configure:5058: test -z "$ac_c_werror_flag" || test ! -s conftest.err
configure:5061: $? = 0
configure:5068: test -s conftest.o
configure:5071: $? = 0
configure:5084: result: yes
configure:5024: checking for inttypes.h
configure:5045: arm-openwrt-linux-gnueabi-gcc -c -Os -pipe -march=armv7-a -mtune=cortex-a9 -fno-caller-saves -fhonour-copts  -msoft-float -I/proj/cpesw/b50212/c2k/build/5.4.1/flowstats/staging_dir/target-arm_v7-a_glibc-2.14.1_eabi/usr/include conftest.c >&5
configure:5051: $? = 0
configure:5058: test -z "$ac_c_werror_flag" || test ! -s conftest.err
configure:5061: $? = 0
configure:5068: test -s conftest.o
configure:5071: $? = 0
configure:5084: result: yes
configure:5024: checking for stdint.h
configure:5045: arm-openwrt-linux-gnueabi-gcc -c -Os -pipe -march=armv7-a -mtune=cortex-a9 -fno-caller-saves -fhonour-copts  -msoft-float -I/proj/cpesw/b50212/c2k/build/5.4.1/flowstats/staging_dir/target-arm_v7-a_glibc-2.14.1_eabi/usr/include conftest.c >&5
configure:5051: $? = 0
configure:5058: test -z "$ac_c_werror_flag" || test ! -s conftest.err
configure:5061: $? = 0
configure:5068: test -s conftest.o
configure:5071: $? = 0
configure:5084: result: yes
configure:5024: checking for unistd.h
configure:5045: arm-openwrt-linux-gnueabi-gcc -c -Os -pipe -march=armv7-a -mtune=cortex-a9 -fno-caller-saves -fhonour-copts  -msoft-float -I/proj/cpesw/b50212/c2k/build/5.4.1/flowstats/staging_dir/target-arm_v7-a_glibc-2.14.1_eabi/usr/include conftest.c >&5
configure:5051: $? = 0
configure:5058: test -z "$ac_c_werror_flag" || test ! -s conftest.err
configure:5061: $? = 0
configure:5068: test -s conftest.o
configure:5071: $? = 0
configure:5084: result: yes
configure:5111: checking dlfcn.h usability
configure:5128: arm-openwrt-linux-gnueabi-gcc -c -Os -pipe -march=armv7-a -mtune=cortex-a9 -fno-caller-saves -fhonour-copts  -msoft-float -I/proj/cpesw/b50212/c2k/build/5.4.1/flowstats/staging_dir/target-arm_v7-a_glibc-2.14.1_eabi/usr/include conftest.c >&5
configure:5134: $? = 0
configure:5141: test -z "$ac_c_werror_flag" || test ! -s conftest.err
configure:5144: $? = 0
configure:5151: test -s conftest.o
configure:5154: $? = 0
configure:5165: result: yes
configure:5169: checking dlfcn.h presence
configure:5184: arm-openwrt-linux-gnueabi-gcc -E -I/proj/cpesw/b50212/c2k/build/5.4.1/flowstats/staging_dir/target-arm_v7-a_glibc-2.14.1_eabi/usr/include conftest.c
configure:5190: $? = 0
configure:5211: result: yes
configure:5239: checking for dlfcn.h
configure:5247: result: yes
configure:5376: checking for C++ compiler version
configure:5383: arm-openwrt-linux-gnueabi-g++ --version >&5
arm-openwrt-linux-gnueabi-g++ (Linaro GCC 4.5-2012.02) 4.5.4 20120201 (prerelease)
Copyright (C) 2010 Free Software Foundation, Inc.
This is free software; see the source for copying conditions.  There is NO
warranty; not even for MERCHANTABILITY or FITNESS FOR A PARTICULAR PURPOSE.

configure:5386: $? = 0
configure:5393: arm-openwrt-linux-gnueabi-g++ -v >&5
Reading specs from /proj/cpesw/b50212/c2k/build/5.4.1/flowstats/staging_dir/toolchain-arm_v7-a_gcc-4.5-linaro_glibc-2.14.1_eabi/lib/gcc/arm-openwrt-linux-gnueabi/4.5.4/specs
COLLECT_GCC=arm-openwrt-linux-gnueabi-g++
COLLECT_LTO_WRAPPER=/proj/cpesw/b50212/c2k/build/5.4.1/flowstats/staging_dir/toolchain-arm_v7-a_gcc-4.5-linaro_glibc-2.14.1_eabi/libexec/gcc/arm-openwrt-linux-gnueabi/4.5.4/lto-wrapper
Target: arm-openwrt-linux-gnueabi
Configured with: /proj/cpesw/b50212/c2k/build/5.4.1/flowstats/build_dir/toolchain-arm_v7-a_gcc-4.5-linaro_glibc-2.14.1_eabi/gcc-linaro-4.5-2012.02/configure --prefix=/proj/cpesw/b50212/c2k/build/5.4.1/flowstats/staging_dir/toolchain-arm_v7-a_gcc-4.5-linaro_glibc-2.14.1_eabi --build=x86_64-redhat-linux --host=x86_64-redhat-linux --target=arm-openwrt-linux-gnueabi --with-gnu-ld --enable-target-optspace --disable-libgomp --disable-libmudflap --disable-multilib --disable-nls --with-host-libstdcxx=-lstdc++ --with-float=soft --with-gmp=/proj/cpesw/b50212/c2k/build/5.4.1/flowstats/staging_dir/host --with-mpfr=/proj/cpesw/b50212/c2k/build/5.4.1/flowstats/staging_dir/host --disable-decimal-float --with-mpc=/proj/cpesw/b50212/c2k/build/5.4.1/flowstats/staging_dir/host --disable-libssp --enable-__cxa_atexit --with-arch=armv7-a --with-headers=/proj/cpesw/b50212/c2k/build/5.4.1/flowstats/staging_dir/toolchain-arm_v7-a_gcc-4.5-linaro_glibc-2.14.1_eabi/include --enable-languages=c,c++ --enable-shared --enable-threads --with-slibdir=/proj/cpesw/b50212/c2k/build/5.4.1/flowstats/staging_dir/toolchain-arm_v7-a_gcc-4.5-linaro_glibc-2.14.1_eabi/lib --enable-lto --with-libelf=/proj/cpesw/b50212/c2k/build/5.4.1/flowstats/staging_dir/host --disable-tls
Thread model: posix
gcc version 4.5.4 20120201 (prerelease) (Linaro GCC 4.5-2012.02) 
configure:5396: $? = 0
configure:5403: arm-openwrt-linux-gnueabi-g++ -V >&5
arm-openwrt-linux-gnueabi-g++: '-V' option must have argument
configure:5406: $? = 1
configure:5409: checking whether we are using the GNU C++ compiler
configure:5438: arm-openwrt-linux-gnueabi-g++ -c  -I/proj/cpesw/b50212/c2k/build/5.4.1/flowstats/staging_dir/target-arm_v7-a_glibc-2.14.1_eabi/usr/include conftest.cpp >&5
configure:5444: $? = 0
configure:5451: test -z "$ac_cxx_werror_flag" || test ! -s conftest.err
configure:5454: $? = 0
configure:5461: test -s conftest.o
configure:5464: $? = 0
configure:5478: result: yes
configure:5483: checking whether arm-openwrt-linux-gnueabi-g++ accepts -g
configure:5513: arm-openwrt-linux-gnueabi-g++ -c -g -I/proj/cpesw/b50212/c2k/build/5.4.1/flowstats/staging_dir/target-arm_v7-a_glibc-2.14.1_eabi/usr/include conftest.cpp >&5
configure:5519: $? = 0
configure:5526: test -z "$ac_cxx_werror_flag" || test ! -s conftest.err
configure:5529: $? = 0
configure:5536: test -s conftest.o
configure:5539: $? = 0
configure:5669: result: yes
configure:5694: checking dependency style of arm-openwrt-linux-gnueabi-g++
configure:5784: result: gcc3
configure:5811: checking how to run the C++ preprocessor
configure:5847: arm-openwrt-linux-gnueabi-g++ -E -I/proj/cpesw/b50212/c2k/build/5.4.1/flowstats/staging_dir/target-arm_v7-a_glibc-2.14.1_eabi/usr/include conftest.cpp
configure:5853: $? = 0
configure:5891: arm-openwrt-linux-gnueabi-g++ -E -I/proj/cpesw/b50212/c2k/build/5.4.1/flowstats/staging_dir/target-arm_v7-a_glibc-2.14.1_eabi/usr/include conftest.cpp
conftest.cpp:21:28: fatal error: ac_nonexistent.h: No such file or directory
compilation terminated.
configure:5897: $? = 1
configure: failed program was:
| /* confdefs.h.  */
| #define PACKAGE_NAME ""
| #define PACKAGE_TARNAME ""
| #define PACKAGE_VERSION ""
| #define PACKAGE_STRING ""
| #define PACKAGE_BUGREPORT ""
| #define PACKAGE "libfci"
| #define VERSION "0.0.1"
| #define STDC_HEADERS 1
| #define HAVE_SYS_TYPES_H 1
| #define HAVE_SYS_STAT_H 1
| #define HAVE_STDLIB_H 1
| #define HAVE_STRING_H 1
| #define HAVE_MEMORY_H 1
| #define HAVE_STRINGS_H 1
| #define HAVE_INTTYPES_H 1
| #define HAVE_STDINT_H 1
| #define HAVE_UNISTD_H 1
| #define HAVE_DLFCN_H 1
| /* end confdefs.h.  */
| #include <ac_nonexistent.h>
configure:5937: result: arm-openwrt-linux-gnueabi-g++ -E
configure:5966: arm-openwrt-linux-gnueabi-g++ -E -I/proj/cpesw/b50212/c2k/build/5.4.1/flowstats/staging_dir/target-arm_v7-a_glibc-2.14.1_eabi/usr/include conftest.cpp
configure:5972: $? = 0
configure:6010: arm-openwrt-linux-gnueabi-g++ -E -I/proj/cpesw/b50212/c2k/build/5.4.1/flowstats/staging_dir/target-arm_v7-a_glibc-2.14.1_eabi/usr/include conftest.cpp
conftest.cpp:21:28: fatal error: ac_nonexistent.h: No such file or directory
compilation terminated.
configure:6016: $? = 1
configure: failed program was:
| /* confdefs.h.  */
| #define PACKAGE_NAME ""
| #define PACKAGE_TARNAME ""
| #define PACKAGE_VERSION ""
| #define PACKAGE_STRING ""
| #define PACKAGE_BUGREPORT ""
| #define PACKAGE "libfci"
| #define VERSION "0.0.1"
| #define STDC_HEADERS 1
| #define HAVE_SYS_TYPES_H 1
| #define HAVE_SYS_STAT_H 1
| #define HAVE_STDLIB_H 1
| #define HAVE_STRING_H 1
| #define HAVE_MEMORY_H 1
| #define HAVE_STRINGS_H 1
| #define HAVE_INTTYPES_H 1
| #define HAVE_STDINT_H 1
| #define HAVE_UNISTD_H 1
| #define HAVE_DLFCN_H 1
| /* end confdefs.h.  */
| #include <ac_nonexistent.h>
configure:6072: checking for arm-openwrt-linux-g77
configure:6102: result: no
configure:6072: checking for arm-openwrt-linux-f77
configure:6102: result: no
configure:6072: checking for arm-openwrt-linux-xlf
configure:6102: result: no
configure:6072: checking for arm-openwrt-linux-frt
configure:6102: result: no
configure:6072: checking for arm-openwrt-linux-pgf77
configure:6102: result: no
configure:6072: checking for arm-openwrt-linux-cf77
configure:6102: result: no
configure:6072: checking for arm-openwrt-linux-fort77
configure:6102: result: no
configure:6072: checking for arm-openwrt-linux-fl32
configure:6102: result: no
configure:6072: checking for arm-openwrt-linux-af77
configure:6102: result: no
configure:6072: checking for arm-openwrt-linux-f90
configure:6102: result: no
configure:6072: checking for arm-openwrt-linux-xlf90
configure:6102: result: no
configure:6072: checking for arm-openwrt-linux-pgf90
configure:6102: result: no
configure:6072: checking for arm-openwrt-linux-pghpf
configure:6102: result: no
configure:6072: checking for arm-openwrt-linux-epcf90
configure:6102: result: no
configure:6072: checking for arm-openwrt-linux-gfortran
configure:6102: result: no
configure:6072: checking for arm-openwrt-linux-g95
configure:6102: result: no
configure:6072: checking for arm-openwrt-linux-f95
configure:6102: result: no
configure:6072: checking for arm-openwrt-linux-fort
configure:6102: result: no
configure:6072: checking for arm-openwrt-linux-xlf95
configure:6102: result: no
configure:6072: checking for arm-openwrt-linux-ifort
configure:6102: result: no
configure:6072: checking for arm-openwrt-linux-ifc
configure:6102: result: no
configure:6072: checking for arm-openwrt-linux-efc
configure:6102: result: no
configure:6072: checking for arm-openwrt-linux-pgf95
configure:6102: result: no
configure:6072: checking for arm-openwrt-linux-lf95
configure:6102: result: no
configure:6072: checking for arm-openwrt-linux-ftn
configure:6102: result: no
configure:6116: checking for g77
configure:6132: found /usr/bin/g77
configure:6143: result: g77
configure:6161: WARNING: In the future, Autoconf will not detect cross-tools
whose name does not start with the host triplet.  If you think this
configuration is useful to you, please write to autoconf@gnu.org.
configure:6173: checking for Fortran 77 compiler version
configure:6180: g77 --version >&5
GNU Fortran (GCC) 3.4.6 20060404 (Red Hat 3.4.6-4.1)
Copyright (C) 2006 Free Software Foundation, Inc.

GNU Fortran comes with NO WARRANTY, to the extent permitted by law.
You may redistribute copies of GNU Fortran
under the terms of the GNU General Public License.
For more information about these matters, see the file named COPYING
or type the command `info -f g77 Copying'.
configure:6183: $? = 0
configure:6190: g77 -v >&5
Reading specs from /usr/lib/gcc/x86_64-redhat-linux/3.4.6/specs
Configured with: ../configure --prefix=/usr --mandir=/usr/share/man --infodir=/usr/share/info --enable-shared --enable-threads=posix --disable-checking --with-system-zlib --enable-__cxa_atexit --disable-libunwind-exceptions --enable-languages=c,c++,f77 --disable-libgcj --host=x86_64-redhat-linux
Thread model: posix
gcc version 3.4.6 20060404 (Red Hat 3.4.6-4.1)
configure:6193: $? = 0
configure:6200: g77 -V >&5
g77: `-V' option must have argument
configure:6203: $? = 1
configure:6211: checking whether we are using the GNU Fortran 77 compiler
configure:6230: g77 -c  conftest.F >&5
configure:6236: $? = 0
configure:6243: test -z "$ac_f77_werror_flag" || test ! -s conftest.err
configure:6246: $? = 0
configure:6253: test -s conftest.o
configure:6256: $? = 0
configure:6270: result: yes
configure:6276: checking whether g77 accepts -g
configure:6293: g77 -c -g conftest.f >&5
configure:6299: $? = 0
configure:6306: test -z "$ac_f77_werror_flag" || test ! -s conftest.err
configure:6309: $? = 0
configure:6316: test -s conftest.o
configure:6319: $? = 0
configure:6332: result: yes
configure:6362: checking the maximum length of command line arguments
configure:6471: result: 32768
configure:6482: checking command to parse arm-openwrt-linux-gnueabi-nm output from arm-openwrt-linux-gnueabi-gcc object
configure:6587: arm-openwrt-linux-gnueabi-gcc -c -Os -pipe -march=armv7-a -mtune=cortex-a9 -fno-caller-saves -fhonour-copts  -msoft-float -I/proj/cpesw/b50212/c2k/build/5.4.1/flowstats/staging_dir/target-arm_v7-a_glibc-2.14.1_eabi/usr/include conftest.c >&5
configure:6590: $? = 0
configure:6594: arm-openwrt-linux-gnueabi-nm conftest.o \| sed -n -e 's/^.*[ 	]\([ABCDGIRSTW][ABCDGIRSTW]*\)[ 	][ 	]*\([_A-Za-z][_A-Za-z0-9]*\)$/\1 \2 \2/p' \> conftest.nm
configure:6597: $? = 0
configure:6649: arm-openwrt-linux-gnueabi-gcc -o conftest -Os -pipe -march=armv7-a -mtune=cortex-a9 -fno-caller-saves -fhonour-copts  -msoft-float -I/proj/cpesw/b50212/c2k/build/5.4.1/flowstats/staging_dir/target-arm_v7-a_glibc-2.14.1_eabi/usr/include -L/proj/cpesw/b50212/c2k/build/5.4.1/flowstats/staging_dir/target-arm_v7-a_glibc-2.14.1_eabi/usr/lib conftest.c conftstm.o >&5
configure:6652: $? = 0
configure:6690: result: ok
configure:6694: checking for objdir
configure:6709: result: .libs
configure:6761: checking for arm-openwrt-linux-ar
configure:6788: result: arm-openwrt-linux-gnueabi-ar
configure:6857: checking for arm-openwrt-linux-ranlib
configure:6884: result: arm-openwrt-linux-gnueabi-ranlib
configure:6953: checking for arm-openwrt-linux-strip
configure:6980: result: arm-openwrt-linux-gnueabi-strip
configure:7306: checking if arm-openwrt-linux-gnueabi-gcc supports -fno-rtti -fno-exceptions
configure:7324: arm-openwrt-linux-gnueabi-gcc -c -Os -pipe -march=armv7-a -mtune=cortex-a9 -fno-caller-saves -fhonour-copts  -msoft-float -I/proj/cpesw/b50212/c2k/build/5.4.1/flowstats/staging_dir/target-arm_v7-a_glibc-2.14.1_eabi/usr/include -fno-rtti -fno-exceptions conftest.c >&5
cc1: warning: command line option "-fno-rtti" is valid for C++/ObjC++ but not for C
configure:7328: $? = 0
configure:7341: result: no
configure:7356: checking for arm-openwrt-linux-gnueabi-gcc option to produce PIC
configure:7566: result: -fPIC
configure:7574: checking if arm-openwrt-linux-gnueabi-gcc PIC flag -fPIC works
configure:7592: arm-openwrt-linux-gnueabi-gcc -c -Os -pipe -march=armv7-a -mtune=cortex-a9 -fno-caller-saves -fhonour-copts  -msoft-float -I/proj/cpesw/b50212/c2k/build/5.4.1/flowstats/staging_dir/target-arm_v7-a_glibc-2.14.1_eabi/usr/include -fPIC -DPIC conftest.c >&5
configure:7596: $? = 0
configure:7609: result: yes
configure:7637: checking if arm-openwrt-linux-gnueabi-gcc static flag -static works
configure:7665: result: no
configure:7675: checking if arm-openwrt-linux-gnueabi-gcc supports -c -o file.o
configure:7696: arm-openwrt-linux-gnueabi-gcc -c -Os -pipe -march=armv7-a -mtune=cortex-a9 -fno-caller-saves -fhonour-copts  -msoft-float -I/proj/cpesw/b50212/c2k/build/5.4.1/flowstats/staging_dir/target-arm_v7-a_glibc-2.14.1_eabi/usr/include -o out/conftest2.o conftest.c >&5
configure:7700: $? = 0
configure:7722: result: yes
configure:7748: checking whether the arm-openwrt-linux-gnueabi-gcc linker (arm-openwrt-linux-gnueabi-ld) supports shared libraries
configure:8735: result: yes
configure:8756: checking whether -lc should be explicitly linked in
configure:8761: arm-openwrt-linux-gnueabi-gcc -c -Os -pipe -march=armv7-a -mtune=cortex-a9 -fno-caller-saves -fhonour-copts  -msoft-float -I/proj/cpesw/b50212/c2k/build/5.4.1/flowstats/staging_dir/target-arm_v7-a_glibc-2.14.1_eabi/usr/include conftest.c >&5
configure:8764: $? = 0
configure:8779: arm-openwrt-linux-gnueabi-gcc -shared conftest.o  -v -Wl,-soname -Wl,conftest -o conftest 2\>\&1 \| grep  -lc  \>/dev/null 2\>\&1
configure:8782: $? = 0
configure:8794: result: no
configure:8802: checking dynamic linker characteristics
configure:9378: result: GNU/Linux ld.so
configure:9387: checking how to hardcode library paths into programs
configure:9412: result: immediate
configure:9426: checking whether stripping libraries is possible
configure:9431: result: yes
configure:10344: checking if libtool supports shared libraries
configure:10346: result: yes
configure:10349: checking whether to build shared libraries
configure:10370: result: yes
configure:10373: checking whether to build static libraries
configure:10377: result: yes
configure:10469: creating libtool
configure:11057: checking for ld used by arm-openwrt-linux-gnueabi-g++
configure:11124: result: arm-openwrt-linux-gnueabi-ld
configure:11133: checking if the linker (arm-openwrt-linux-gnueabi-ld) is GNU ld
configure:11148: result: yes
configure:11199: checking whether the arm-openwrt-linux-gnueabi-g++ linker (arm-openwrt-linux-gnueabi-ld) supports shared libraries
configure:12165: result: yes
configure:12183: arm-openwrt-linux-gnueabi-g++ -c -g -O2 -I/proj/cpesw/b50212/c2k/build/5.4.1/flowstats/staging_dir/target-arm_v7-a_glibc-2.14.1_eabi/usr/include conftest.cpp >&5
configure:12186: $? = 0
configure:12305: checking for arm-openwrt-linux-gnueabi-g++ option to produce PIC
configure:12579: result: -fPIC
configure:12587: checking if arm-openwrt-linux-gnueabi-g++ PIC flag -fPIC works
configure:12605: arm-openwrt-linux-gnueabi-g++ -c -g -O2 -I/proj/cpesw/b50212/c2k/build/5.4.1/flowstats/staging_dir/target-arm_v7-a_glibc-2.14.1_eabi/usr/include -fPIC -DPIC conftest.cpp >&5
configure:12609: $? = 0
configure:12622: result: yes
configure:12650: checking if arm-openwrt-linux-gnueabi-g++ static flag -static works
configure:12678: result: no
configure:12688: checking if arm-openwrt-linux-gnueabi-g++ supports -c -o file.o
configure:12709: arm-openwrt-linux-gnueabi-g++ -c -g -O2 -I/proj/cpesw/b50212/c2k/build/5.4.1/flowstats/staging_dir/target-arm_v7-a_glibc-2.14.1_eabi/usr/include -o out/conftest2.o conftest.cpp >&5
configure:12713: $? = 0
configure:12735: result: yes
configure:12761: checking whether the arm-openwrt-linux-gnueabi-g++ linker (arm-openwrt-linux-gnueabi-ld) supports shared libraries
configure:12789: result: yes
configure:12856: checking dynamic linker characteristics
configure:13432: result: GNU/Linux ld.so
configure:13441: checking how to hardcode library paths into programs
configure:13466: result: immediate
configure:13992: checking if libtool supports shared libraries
configure:13994: result: yes
configure:13997: checking whether to build shared libraries
configure:14017: result: yes
configure:14020: checking whether to build static libraries
configure:14024: result: yes
configure:14034: checking for g77 option to produce PIC
configure:14244: result: -fPIC
configure:14252: checking if g77 PIC flag -fPIC works
configure:14270: g77 -c -g -O2 -fPIC conftest.f >&5
configure:14274: $? = 0
configure:14287: result: yes
configure:14315: checking if g77 static flag -static works
configure:14343: result: yes
configure:14353: checking if g77 supports -c -o file.o
configure:14374: g77 -c -g -O2 -o out/conftest2.o conftest.f >&5
configure:14378: $? = 0
configure:14400: result: yes
configure:14426: checking whether the g77 linker (arm-openwrt-linux-gnueabi-ld) supports shared libraries
configure:15393: result: yes
configure:15460: checking dynamic linker characteristics
configure:16036: result: GNU/Linux ld.so
configure:16045: checking how to hardcode library paths into programs
configure:16070: result: immediate
configure:19661: checking for a BSD-compatible install
configure:19717: result: /usr/bin/install -c
configure:19882: creating ./config.status

## ---------------------- ##
## Running config.status. ##
## ---------------------- ##

This file was extended by config.status, which was
generated by GNU Autoconf 2.60.  Invocation command line was

  CONFIG_FILES    = 
  CONFIG_HEADERS  = 
  CONFIG_LINKS    = 
  CONFIG_COMMANDS = 
  $ ./config.status 

on lvd5760

config.status:630: creating Makefile
config.status:630: creating src/Makefile
config.status:815: executing depfiles commands

## ---------------- ##
## Cache variables. ##
## ---------------- ##

ac_cv_build=x86_64-redhat-linux-gnu
ac_cv_c_bigendian=no
ac_cv_c_compiler_gnu=yes
ac_cv_c_gettext_without_libintl=yes
ac_cv_c_littleendian=yes
ac_cv_c_long_double=no
ac_cv_conv_longlong_to_float=yes
ac_cv_cxx_compiler_gnu=yes
ac_cv_env_CCC_set=
ac_cv_env_CCC_value=
ac_cv_env_CC_set=set
ac_cv_env_CC_value=arm-openwrt-linux-gnueabi-gcc
ac_cv_env_CFLAGS_set=set
ac_cv_env_CFLAGS_value='-Os -pipe -march=armv7-a -mtune=cortex-a9 -fno-caller-saves -fhonour-copts  -msoft-float'
ac_cv_env_CPPFLAGS_set=set
ac_cv_env_CPPFLAGS_value=-I/proj/cpesw/b50212/c2k/build/5.4.1/flowstats/staging_dir/target-arm_v7-a_glibc-2.14.1_eabi/usr/include
ac_cv_env_CPP_set=
ac_cv_env_CPP_value=
ac_cv_env_CXXCPP_set=
ac_cv_env_CXXCPP_value=
ac_cv_env_CXXFLAGS_set=
ac_cv_env_CXXFLAGS_value=
ac_cv_env_CXX_set=set
ac_cv_env_CXX_value=arm-openwrt-linux-gnueabi-g++
ac_cv_env_F77_set=
ac_cv_env_F77_value=
ac_cv_env_FFLAGS_set=
ac_cv_env_FFLAGS_value=
ac_cv_env_LDFLAGS_set=set
ac_cv_env_LDFLAGS_value=-L/proj/cpesw/b50212/c2k/build/5.4.1/flowstats/staging_dir/target-arm_v7-a_glibc-2.14.1_eabi/usr/lib
ac_cv_env_build_alias_set=set
ac_cv_env_build_alias_value=x86_64-redhat-linux
ac_cv_env_host_alias_set=set
ac_cv_env_host_alias_value=arm-openwrt-linux
ac_cv_env_target_alias_set=set
ac_cv_env_target_alias_value=arm-openwrt-linux
ac_cv_f77_compiler_gnu=yes
ac_cv_file__dev_zero=yes
ac_cv_func___adjtimex=yes
ac_cv_func___va_copy=no
ac_cv_func__exit=yes
ac_cv_func_bcmp=yes
ac_cv_func_bcopy=yes
ac_cv_func_bzero=yes
ac_cv_func_cimag=yes
ac_cv_func_creal=yes
ac_cv_func_fchmod=yes
ac_cv_func_getaddrinfo=yes
ac_cv_func_getcwd=yes
ac_cv_func_getdomainname=yes
ac_cv_func_getpgrp_void=yes
ac_cv_func_getpwuid_r=yes
ac_cv_func_gettimeofday=yes
ac_cv_func_index=yes
ac_cv_func_lstat=yes
ac_cv_func_lstat_dereferences_slashed_symlink=yes
ac_cv_func_lstat_empty_string_bug=no
ac_cv_func_malloc_0_nonnull=yes
ac_cv_func_malloc_works=yes
ac_cv_func_memcmp_clean=yes
ac_cv_func_memcmp_working=yes
ac_cv_func_posix_getgrgid_r=yes
ac_cv_func_posix_getpwuid_r=yes
ac_cv_func_psignal=yes
ac_cv_func_pthread_key_delete=yes
ac_cv_func_realloc_0_nonnull=yes
ac_cv_func_realloc_works=yes
ac_cv_func_rename=yes
ac_cv_func_rindex=yes
ac_cv_func_setgrent_void=yes
ac_cv_func_setlocale=yes
ac_cv_func_setpgrp_void=yes
ac_cv_func_setresuid=no
ac_cv_func_setvbuf_reversed=no
ac_cv_func_stat_empty_string_bug=no
ac_cv_func_stat_ignores_trailing_slash=no
ac_cv_func_strerror=yes
ac_cv_func_strftime=yes
ac_cv_func_utimes=yes
ac_cv_func_va_copy=no
ac_cv_func_vsnprintf=yes
ac_cv_have_accrights_in_msghdr=no
ac_cv_have_broken_snprintf=no
ac_cv_have_control_in_msghdr=yes
ac_cv_have_decl_sys_siglist=no
ac_cv_have_openpty_ctty_bug=yes
ac_cv_have_space_d_name_in_struct_dirent=yes
ac_cv_header_dlfcn_h=yes
ac_cv_header_inttypes_h=yes
ac_cv_header_memory_h=yes
ac_cv_header_netinet_sctp_h=no
ac_cv_header_netinet_sctp_uio_h=no
ac_cv_header_stdc=yes
ac_cv_header_stdint_h=yes
ac_cv_header_stdlib_h=yes
ac_cv_header_string_h=yes
ac_cv_header_strings_h=yes
ac_cv_header_sys_stat_h=yes
ac_cv_header_sys_types_h=yes
ac_cv_header_unistd_h=yes
ac_cv_host=arm-openwrt-linux-gnu
ac_cv_int64_t=yes
ac_cv_lbl_unaligned_fail=no
ac_cv_linux_kernel_pppoe=yes
ac_cv_linux_vers=2
ac_cv_objext=o
ac_cv_pack_bitfields_reversed=yes
ac_cv_path_EGREP='/bin/grep -E'
ac_cv_path_GREP=/bin/grep
ac_cv_path_LDCONFIG=
ac_cv_path_install='/usr/bin/install -c'
ac_cv_prog_AR=arm-openwrt-linux-gnueabi-ar
ac_cv_prog_AWK=gawk
ac_cv_prog_CC=arm-openwrt-linux-gnueabi-gcc
ac_cv_prog_CPP='arm-openwrt-linux-gnueabi-gcc -E'
ac_cv_prog_CXXCPP='arm-openwrt-linux-gnueabi-g++ -E'
ac_cv_prog_RANLIB=arm-openwrt-linux-gnueabi-ranlib
ac_cv_prog_STRIP=arm-openwrt-linux-gnueabi-strip
ac_cv_prog_ac_ct_F77=g77
ac_cv_prog_cc_c89=
ac_cv_prog_cc_g=yes
ac_cv_prog_cxx_g=yes
ac_cv_prog_f77_g=yes
ac_cv_prog_make_make_set=yes
ac_cv_regexec_segfault_emptystr=no
ac_cv_sctp=no
ac_cv_sizeof___int64=0
ac_cv_sizeof_char=1
ac_cv_sizeof_int16_t=2
ac_cv_sizeof_int32_t=4
ac_cv_sizeof_int64_t=8
ac_cv_sizeof_int=4
ac_cv_sizeof_long=4
ac_cv_sizeof_long_int=4
ac_cv_sizeof_long_long=8
ac_cv_sizeof_off_t=8
ac_cv_sizeof_short=2
ac_cv_sizeof_short_int=2
ac_cv_sizeof_size_t=4
ac_cv_sizeof_ssize_t=4
ac_cv_sizeof_u_int16_t=2
ac_cv_sizeof_u_int32_t=4
ac_cv_sizeof_u_int64_t=8
ac_cv_sizeof_uint16_t=2
ac_cv_sizeof_uint32_t=4
ac_cv_sizeof_uint64_t=8
ac_cv_sizeof_unsigned_int=4
ac_cv_sizeof_unsigned_long=4
ac_cv_sizeof_unsigned_long_long=8
ac_cv_sizeof_unsigned_short=2
ac_cv_sizeof_void_p=4
ac_cv_sys_restartable_syscalls=yes
ac_cv_time_r_type=POSIX
ac_cv_type_suseconds_t=yes
ac_cv_uchar=no
ac_cv_uint64_t=yes
ac_cv_uint=yes
ac_cv_ulong=yes
ac_cv_ushort=yes
ac_cv_va_copy=C99
ac_cv_va_val_copy=yes
am_cv_CC_dependencies_compiler_type=gcc3
am_cv_CXX_dependencies_compiler_type=gcc3
as_cv_unaligned_access=yes
lt_cv_deplibs_check_method=pass_all
lt_cv_file_magic_cmd='$MAGIC_CMD'
lt_cv_file_magic_test_file=
lt_cv_ld_reload_flag=-r
lt_cv_objdir=.libs
lt_cv_path_LD=arm-openwrt-linux-gnueabi-ld
lt_cv_path_LDCXX=arm-openwrt-linux-gnueabi-ld
lt_cv_path_NM=arm-openwrt-linux-gnueabi-nm
lt_cv_path_SED=/proj/cpesw/b50212/c2k/build/5.4.1/flowstats/staging_dir/host/bin/sed
lt_cv_prog_compiler_c_o=yes
lt_cv_prog_compiler_c_o_CXX=yes
lt_cv_prog_compiler_c_o_F77=yes
lt_cv_prog_compiler_rtti_exceptions=no
lt_cv_prog_gnu_ld=yes
lt_cv_prog_gnu_ldcxx=yes
lt_cv_sys_global_symbol_pipe='sed -n -e '\''s/^.*[ 	]\([ABCDGIRSTW][ABCDGIRSTW]*\)[ 	][ 	]*\([_A-Za-z][_A-Za-z0-9]*\)$/\1 \2 \2/p'\'''
lt_cv_sys_global_symbol_to_c_name_address='sed -n -e '\''s/^: \([^ ]*\) $/  {\"\1\", (lt_ptr) 0},/p'\'' -e '\''s/^[BCDEGRST] \([^ ]*\) \([^ ]*\)$/  {"\2", (lt_ptr) \&\2},/p'\'''
lt_cv_sys_global_symbol_to_cdecl='sed -n -e '\''s/^. .* \(.*\)$/extern int \1;/p'\'''
lt_cv_sys_max_cmd_len=32768
lt_lt_cv_prog_compiler_c_o='"yes"'
lt_lt_cv_prog_compiler_c_o_CXX='"yes"'
lt_lt_cv_prog_compiler_c_o_F77='"yes"'
lt_lt_cv_sys_global_symbol_pipe='"sed -n -e '\''s/^.*[ 	]\\([ABCDGIRSTW][ABCDGIRSTW]*\\)[ 	][ 	]*\\([_A-Za-z][_A-Za-z0-9]*\\)\$/\\1 \\2 \\2/p'\''"'
lt_lt_cv_sys_global_symbol_to_c_name_address='"sed -n -e '\''s/^: \\([^ ]*\\) \$/  {\\\"\\1\\\", (lt_ptr) 0},/p'\'' -e '\''s/^[BCDEGRST] \\([^ ]*\\) \\([^ ]*\\)\$/  {\"\\2\", (lt_ptr) \\&\\2},/p'\''"'
lt_lt_cv_sys_global_symbol_to_cdecl='"sed -n -e '\''s/^. .* \\(.*\\)\$/extern int \\1;/p'\''"'

## ----------------- ##
## Output variables. ##
## ----------------- ##

ACLOCAL='${SHELL} /proj/cpesw/b50212/c2k/build/5.4.1/flowstats/build_dir/linux-comcerto2000_hgw/fci-2.00.3/lib/missing --run aclocal-1.9'
AMDEPBACKSLASH='\'
AMDEP_FALSE='#'
AMDEP_TRUE=''
AMTAR='${SHELL} /proj/cpesw/b50212/c2k/build/5.4.1/flowstats/build_dir/linux-comcerto2000_hgw/fci-2.00.3/lib/missing --run tar'
AR='arm-openwrt-linux-gnueabi-ar'
AUTOCONF='${SHELL} /proj/cpesw/b50212/c2k/build/5.4.1/flowstats/build_dir/linux-comcerto2000_hgw/fci-2.00.3/lib/missing --run autoconf'
AUTOHEADER='${SHELL} /proj/cpesw/b50212/c2k/build/5.4.1/flowstats/build_dir/linux-comcerto2000_hgw/fci-2.00.3/lib/missing --run autoheader'
AUTOMAKE='${SHELL} /proj/cpesw/b50212/c2k/build/5.4.1/flowstats/build_dir/linux-comcerto2000_hgw/fci-2.00.3/lib/missing --run automake-1.9'
AWK='gawk'
CC='arm-openwrt-linux-gnueabi-gcc'
CCDEPMODE='depmode=gcc3'
CFLAGS='-Os -pipe -march=armv7-a -mtune=cortex-a9 -fno-caller-saves -fhonour-copts  -msoft-float'
CPP='arm-openwrt-linux-gnueabi-gcc -E'
CPPFLAGS='-I/proj/cpesw/b50212/c2k/build/5.4.1/flowstats/staging_dir/target-arm_v7-a_glibc-2.14.1_eabi/usr/include'
CXX='arm-openwrt-linux-gnueabi-g++'
CXXCPP='arm-openwrt-linux-gnueabi-g++ -E'
CXXDEPMODE='depmode=gcc3'
CXXFLAGS='-g -O2'
CYGPATH_W='echo'
DEFS='-DPACKAGE_NAME=\"\" -DPACKAGE_TARNAME=\"\" -DPACKAGE_VERSION=\"\" -DPACKAGE_STRING=\"\" -DPACKAGE_BUGREPORT=\"\" -DPACKAGE=\"libfci\" -DVERSION=\"0.0.1\" -DSTDC_HEADERS=1 -DHAVE_SYS_TYPES_H=1 -DHAVE_SYS_STAT_H=1 -DHAVE_STDLIB_H=1 -DHAVE_STRING_H=1 -DHAVE_MEMORY_H=1 -DHAVE_STRINGS_H=1 -DHAVE_INTTYPES_H=1 -DHAVE_STDINT_H=1 -DHAVE_UNISTD_H=1 -DHAVE_DLFCN_H=1'
DEPDIR='.deps'
ECHO='echo'
ECHO_C=''
ECHO_N='-n'
ECHO_T=''
EGREP='/bin/grep -E'
EXEEXT=''
F77='g77'
FFLAGS='-g -O2'
GREP='/bin/grep'
INSTALL_DATA='${INSTALL} -m 644'
INSTALL_PROGRAM='${INSTALL}'
INSTALL_SCRIPT='${INSTALL}'
INSTALL_STRIP_PROGRAM='${SHELL} $(install_sh) -c -s'
LDFLAGS='-L/proj/cpesw/b50212/c2k/build/5.4.1/flowstats/staging_dir/target-arm_v7-a_glibc-2.14.1_eabi/usr/lib'
LIBOBJS=''
LIBS=''
LIBTOOL='$(SHELL) $(top_builddir)/libtool'
LN_S='ln -s'
LTLIBOBJS=''
MAKEINFO='${SHELL} /proj/cpesw/b50212/c2k/build/5.4.1/flowstats/build_dir/linux-comcerto2000_hgw/fci-2.00.3/lib/missing --run makeinfo'
OBJEXT='o'
PACKAGE='libfci'
PACKAGE_BUGREPORT=''
PACKAGE_NAME=''
PACKAGE_STRING=''
PACKAGE_TARNAME=''
PACKAGE_VERSION=''
PATH_SEPARATOR=':'
RANLIB='arm-openwrt-linux-gnueabi-ranlib'
SET_MAKE=''
SHELL='/bin/sh'
STRIP='arm-openwrt-linux-gnueabi-strip'
VERSION='0.0.1'
ac_ct_CC=''
ac_ct_CXX=''
ac_ct_F77='g77'
am__fastdepCC_FALSE='#'
am__fastdepCC_TRUE=''
am__fastdepCXX_FALSE='#'
am__fastdepCXX_TRUE=''
am__include='include'
am__leading_dot='.'
am__quote=''
am__tar='${AMTAR} chof - "$$tardir"'
am__untar='${AMTAR} xf -'
bindir='/usr/bin'
build='x86_64-redhat-linux-gnu'
build_alias='x86_64-redhat-linux'
build_cpu='x86_64'
build_os='linux-gnu'
build_vendor='redhat'
datadir='/usr/share'
datarootdir='${prefix}/share'
docdir='${datarootdir}/doc/${PACKAGE}'
dvidir='${docdir}'
exec_prefix='/usr'
host='arm-openwrt-linux-gnu'
host_alias='arm-openwrt-linux'
host_cpu='arm'
host_os='linux-gnu'
host_vendor='openwrt'
htmldir='${docdir}'
includedir='/usr/include'
infodir='/usr/share/info'
install_sh='/proj/cpesw/b50212/c2k/build/5.4.1/flowstats/build_dir/linux-comcerto2000_hgw/fci-2.00.3/lib/install-sh'
libdir='/usr/lib'
libexecdir='/usr/lib'
localedir='${datarootdir}/locale'
localstatedir='/var'
mandir='/usr/share/man'
mkdir_p='mkdir -p --'
oldincludedir='/usr/include'
pdfdir='${docdir}'
prefix='/usr'
program_transform_name='s&$$&&;s&^&&'
psdir='${docdir}'
sbindir='/usr/sbin'
sharedstatedir='${prefix}/com'
sysconfdir='/etc'
target_alias='arm-openwrt-linux'

## ----------- ##
## confdefs.h. ##
## ----------- ##

#define PACKAGE_NAME ""
#define PACKAGE_TARNAME ""
#define PACKAGE_VERSION ""
#define PACKAGE_STRING ""
#define PACKAGE_BUGREPORT ""
#define PACKAGE "libfci"
#define VERSION "0.0.1"
#define STDC_HEADERS 1
#define HAVE_SYS_TYPES_H 1
#define HAVE_SYS_STAT_H 1
#define HAVE_STDLIB_H 1
#define HAVE_STRING_H 1
#define HAVE_MEMORY_H 1
#define HAVE_STRINGS_H 1
#define HAVE_INTTYPES_H 1
#define HAVE_STDINT_H 1
#define HAVE_UNISTD_H 1
#define HAVE_DLFCN_H 1

configure: exit 0
